2025-04-09 10:47:55,849 - INFO - æŸ¥æ‰¾Transcripté“¾æ¥: https://lexfridman.com/douglas-murray-4/
2025-04-09 10:47:58,783 - WARNING - åœ¨RSSæºä¸­æœªæ‰¾åˆ°å½“å‰æ’­å®¢: https://lexfridman.com/douglas-murray-4/
2025-04-09 10:47:58,787 - INFO - æŸ¥æ‰¾Transcripté“¾æ¥: https://lexfridman.com/elon-musk-4/
2025-04-09 10:48:01,748 - WARNING - åœ¨RSSæºä¸­æœªæ‰¾åˆ°å½“å‰æ’­å®¢: https://lexfridman.com/elon-musk-4/
2025-04-09 10:48:18,509 - INFO - æŸ¥æ‰¾Transcripté“¾æ¥: https://lexfridman.com/douglas-murray-4/
2025-04-09 10:48:21,379 - WARNING - åœ¨RSSæºä¸­æœªæ‰¾åˆ°å½“å‰æ’­å®¢: https://lexfridman.com/douglas-murray-4/
2025-04-09 10:48:21,383 - INFO - å¼€å§‹è§£æRSSæº: https://lexfridman.com/feed/podcast/
2025-04-09 10:48:24,288 - INFO - æˆåŠŸè§£æRSSæºï¼Œè·å–åˆ°1ä¸ªæ¡ç›®
2025-04-09 10:48:24,291 - INFO - æŸ¥æ‰¾Transcripté“¾æ¥: https://lexfridman.com/dave-smith/?utm_source=rss&utm_medium=rss&utm_campaign=dave-smith
2025-04-09 10:48:27,199 - WARNING - æš‚æœªæ‰¾åˆ°è¿™é›†æ’­å®¢çš„é€å­—ç¨¿: https://lexfridman.com/dave-smith/?utm_source=rss&utm_medium=rss&utm_campaign=dave-smith
2025-04-09 20:08:32,332 - INFO - ¿ªÊ¼½âÎöRSSÔ´: https://lexfridman.com/feed/podcast/
2025-04-09 20:08:35,112 - INFO - ³É¹¦½âÎöRSSÔ´£¬»ñÈ¡µ½5¸öÌõÄ¿
2025-04-09 20:08:35,117 - INFO - ²éÕÒTranscriptÁ´½Ó: https://lexfridman.com/dave-smith/?utm_source=rss&utm_medium=rss&utm_campaign=dave-smith
2025-04-09 20:08:37,814 - WARNING - ÔİÎ´ÕÒµ½Õâ¼¯²¥¿ÍµÄÖğ×Ö¸å: https://lexfridman.com/dave-smith/?utm_source=rss&utm_medium=rss&utm_campaign=dave-smith
2025-04-09 20:08:37,819 - INFO - ²éÕÒTranscriptÁ´½Ó: https://lexfridman.com/douglas-murray-2/?utm_source=rss&utm_medium=rss&utm_campaign=douglas-murray-2
2025-04-09 20:08:40,641 - WARNING - ÔİÎ´ÕÒµ½Õâ¼¯²¥¿ÍµÄÖğ×Ö¸å: https://lexfridman.com/douglas-murray-2/?utm_source=rss&utm_medium=rss&utm_campaign=douglas-murray-2
2025-04-09 20:08:40,645 - INFO - ²éÕÒTranscriptÁ´½Ó: https://lexfridman.com/ezra-klein-and-derek-thompson/?utm_source=rss&utm_medium=rss&utm_campaign=ezra-klein-and-derek-thompson
2025-04-09 20:08:43,372 - WARNING - ÔİÎ´ÕÒµ½Õâ¼¯²¥¿ÍµÄÖğ×Ö¸å: https://lexfridman.com/ezra-klein-and-derek-thompson/?utm_source=rss&utm_medium=rss&utm_campaign=ezra-klein-and-derek-thompson
2025-04-09 20:08:43,377 - INFO - ²éÕÒTranscriptÁ´½Ó: https://lexfridman.com/theprimeagen/?utm_source=rss&utm_medium=rss&utm_campaign=theprimeagen
2025-04-09 20:08:46,129 - WARNING - ÔİÎ´ÕÒµ½Õâ¼¯²¥¿ÍµÄÖğ×Ö¸å: https://lexfridman.com/theprimeagen/?utm_source=rss&utm_medium=rss&utm_campaign=theprimeagen
2025-04-09 20:08:46,134 - INFO - ²éÕÒTranscriptÁ´½Ó: https://lexfridman.com/narendra-modi/?utm_source=rss&utm_medium=rss&utm_campaign=narendra-modi
2025-04-09 20:08:49,165 - WARNING - ÔİÎ´ÕÒµ½Õâ¼¯²¥¿ÍµÄÖğ×Ö¸å: https://lexfridman.com/narendra-modi/?utm_source=rss&utm_medium=rss&utm_campaign=narendra-modi
2025-04-09 20:11:25,561 - INFO - ¿ªÊ¼½âÎöRSSÔ´: https://lexfridman.com/feed/podcast/
2025-04-09 20:11:33,936 - INFO - ³É¹¦½âÎöRSSÔ´£¬»ñÈ¡µ½5¸öÌõÄ¿
2025-04-09 20:11:33,941 - INFO - ²éÕÒTranscriptÁ´½Ó: https://lexfridman.com/dave-smith/?utm_source=rss&utm_medium=rss&utm_campaign=dave-smith
2025-04-09 20:11:38,023 - WARNING - ÔİÎ´ÕÒµ½Õâ¼¯²¥¿ÍµÄÖğ×Ö¸å: https://lexfridman.com/dave-smith/?utm_source=rss&utm_medium=rss&utm_campaign=dave-smith
2025-04-09 20:11:38,028 - INFO - ²éÕÒTranscriptÁ´½Ó: https://lexfridman.com/douglas-murray-2/?utm_source=rss&utm_medium=rss&utm_campaign=douglas-murray-2
2025-04-09 20:11:42,700 - WARNING - ÔİÎ´ÕÒµ½Õâ¼¯²¥¿ÍµÄÖğ×Ö¸å: https://lexfridman.com/douglas-murray-2/?utm_source=rss&utm_medium=rss&utm_campaign=douglas-murray-2
2025-04-09 20:11:42,705 - INFO - ²éÕÒTranscriptÁ´½Ó: https://lexfridman.com/ezra-klein-and-derek-thompson/?utm_source=rss&utm_medium=rss&utm_campaign=ezra-klein-and-derek-thompson
2025-04-09 20:11:47,224 - WARNING - ÔİÎ´ÕÒµ½Õâ¼¯²¥¿ÍµÄÖğ×Ö¸å: https://lexfridman.com/ezra-klein-and-derek-thompson/?utm_source=rss&utm_medium=rss&utm_campaign=ezra-klein-and-derek-thompson
2025-04-09 20:11:47,229 - INFO - ²éÕÒTranscriptÁ´½Ó: https://lexfridman.com/theprimeagen/?utm_source=rss&utm_medium=rss&utm_campaign=theprimeagen
2025-04-09 20:11:51,733 - WARNING - ÔİÎ´ÕÒµ½Õâ¼¯²¥¿ÍµÄÖğ×Ö¸å: https://lexfridman.com/theprimeagen/?utm_source=rss&utm_medium=rss&utm_campaign=theprimeagen
2025-04-09 20:11:51,738 - INFO - ²éÕÒTranscriptÁ´½Ó: https://lexfridman.com/narendra-modi/?utm_source=rss&utm_medium=rss&utm_campaign=narendra-modi
2025-04-09 20:11:58,346 - WARNING - ÔİÎ´ÕÒµ½Õâ¼¯²¥¿ÍµÄÖğ×Ö¸å: https://lexfridman.com/narendra-modi/?utm_source=rss&utm_medium=rss&utm_campaign=narendra-modi
2025-04-09 20:13:47,817 - INFO - ¿ªÊ¼½âÎöRSSÔ´: https://lexfridman.com/feed/podcast/
2025-04-09 20:13:50,613 - INFO - ³É¹¦½âÎöRSSÔ´£¬»ñÈ¡µ½5¸öÌõÄ¿
2025-04-09 20:13:50,618 - INFO - ²éÕÒTranscriptÁ´½Ó: https://lexfridman.com/dave-smith/?utm_source=rss&utm_medium=rss&utm_campaign=dave-smith
2025-04-09 20:13:54,375 - WARNING - ÔİÎ´ÕÒµ½Õâ¼¯²¥¿ÍµÄÖğ×Ö¸å: https://lexfridman.com/dave-smith/?utm_source=rss&utm_medium=rss&utm_campaign=dave-smith
2025-04-09 20:13:54,380 - INFO - ²éÕÒTranscriptÁ´½Ó: https://lexfridman.com/douglas-murray-2/?utm_source=rss&utm_medium=rss&utm_campaign=douglas-murray-2
2025-04-09 20:13:58,191 - WARNING - ÔİÎ´ÕÒµ½Õâ¼¯²¥¿ÍµÄÖğ×Ö¸å: https://lexfridman.com/douglas-murray-2/?utm_source=rss&utm_medium=rss&utm_campaign=douglas-murray-2
2025-04-09 20:13:58,195 - INFO - ²éÕÒTranscriptÁ´½Ó: https://lexfridman.com/ezra-klein-and-derek-thompson/?utm_source=rss&utm_medium=rss&utm_campaign=ezra-klein-and-derek-thompson
2025-04-09 20:14:02,038 - WARNING - ÔİÎ´ÕÒµ½Õâ¼¯²¥¿ÍµÄÖğ×Ö¸å: https://lexfridman.com/ezra-klein-and-derek-thompson/?utm_source=rss&utm_medium=rss&utm_campaign=ezra-klein-and-derek-thompson
2025-04-09 20:14:02,043 - INFO - ²éÕÒTranscriptÁ´½Ó: https://lexfridman.com/theprimeagen/?utm_source=rss&utm_medium=rss&utm_campaign=theprimeagen
2025-04-09 20:14:05,789 - WARNING - ÔİÎ´ÕÒµ½Õâ¼¯²¥¿ÍµÄÖğ×Ö¸å: https://lexfridman.com/theprimeagen/?utm_source=rss&utm_medium=rss&utm_campaign=theprimeagen
2025-04-09 20:14:05,794 - INFO - ²éÕÒTranscriptÁ´½Ó: https://lexfridman.com/narendra-modi/?utm_source=rss&utm_medium=rss&utm_campaign=narendra-modi
2025-04-09 20:14:09,543 - WARNING - ÔİÎ´ÕÒµ½Õâ¼¯²¥¿ÍµÄÖğ×Ö¸å: https://lexfridman.com/narendra-modi/?utm_source=rss&utm_medium=rss&utm_campaign=narendra-modi
2025-04-09 20:18:46,599 - INFO - ¿ªÊ¼½âÎöRSSÔ´: https://lexfridman.com/feed/podcast/
2025-04-09 20:18:49,373 - INFO - ³É¹¦½âÎöRSSÔ´£¬»ñÈ¡µ½5¸öÌõÄ¿
2025-04-09 20:18:49,378 - INFO - ²éÕÒTranscriptÁ´½Ó: https://lexfridman.com/dave-smith/?utm_source=rss&utm_medium=rss&utm_campaign=dave-smith
2025-04-09 20:18:53,466 - WARNING - ÔİÎ´ÕÒµ½Õâ¼¯²¥¿ÍµÄÖğ×Ö¸å: https://lexfridman.com/dave-smith/?utm_source=rss&utm_medium=rss&utm_campaign=dave-smith
2025-04-09 20:18:53,471 - INFO - ²éÕÒTranscriptÁ´½Ó: https://lexfridman.com/douglas-murray-2/?utm_source=rss&utm_medium=rss&utm_campaign=douglas-murray-2
2025-04-09 20:18:57,231 - WARNING - ÔİÎ´ÕÒµ½Õâ¼¯²¥¿ÍµÄÖğ×Ö¸å: https://lexfridman.com/douglas-murray-2/?utm_source=rss&utm_medium=rss&utm_campaign=douglas-murray-2
2025-04-09 20:18:57,237 - INFO - ²éÕÒTranscriptÁ´½Ó: https://lexfridman.com/ezra-klein-and-derek-thompson/?utm_source=rss&utm_medium=rss&utm_campaign=ezra-klein-and-derek-thompson
2025-04-09 20:19:00,963 - WARNING - ÔİÎ´ÕÒµ½Õâ¼¯²¥¿ÍµÄÖğ×Ö¸å: https://lexfridman.com/ezra-klein-and-derek-thompson/?utm_source=rss&utm_medium=rss&utm_campaign=ezra-klein-and-derek-thompson
2025-04-09 20:19:00,968 - INFO - ²éÕÒTranscriptÁ´½Ó: https://lexfridman.com/theprimeagen/?utm_source=rss&utm_medium=rss&utm_campaign=theprimeagen
2025-04-09 20:19:04,700 - WARNING - ÔİÎ´ÕÒµ½Õâ¼¯²¥¿ÍµÄÖğ×Ö¸å: https://lexfridman.com/theprimeagen/?utm_source=rss&utm_medium=rss&utm_campaign=theprimeagen
2025-04-09 20:19:04,706 - INFO - ²éÕÒTranscriptÁ´½Ó: https://lexfridman.com/narendra-modi/?utm_source=rss&utm_medium=rss&utm_campaign=narendra-modi
2025-04-09 20:19:08,867 - WARNING - ÔİÎ´ÕÒµ½Õâ¼¯²¥¿ÍµÄÖğ×Ö¸å: https://lexfridman.com/narendra-modi/?utm_source=rss&utm_medium=rss&utm_campaign=narendra-modi
2025-04-09 20:20:13,773 - INFO - ¿ªÊ¼½âÎöRSSÔ´: https://lexfridman.com/feed/podcast/
2025-04-09 20:20:16,652 - INFO - ³É¹¦½âÎöRSSÔ´£¬»ñÈ¡µ½5¸öÌõÄ¿
2025-04-09 20:20:16,657 - INFO - ²éÕÒTranscriptÁ´½Ó: https://lexfridman.com/dave-smith/?utm_source=rss&utm_medium=rss&utm_campaign=dave-smith
2025-04-09 20:20:20,439 - WARNING - ÔİÎ´ÕÒµ½Õâ¼¯²¥¿ÍµÄÖğ×Ö¸å: https://lexfridman.com/dave-smith/?utm_source=rss&utm_medium=rss&utm_campaign=dave-smith
2025-04-09 20:20:20,444 - INFO - ²éÕÒTranscriptÁ´½Ó: https://lexfridman.com/douglas-murray-2/?utm_source=rss&utm_medium=rss&utm_campaign=douglas-murray-2
2025-04-09 20:20:24,239 - WARNING - ÔİÎ´ÕÒµ½Õâ¼¯²¥¿ÍµÄÖğ×Ö¸å: https://lexfridman.com/douglas-murray-2/?utm_source=rss&utm_medium=rss&utm_campaign=douglas-murray-2
2025-04-09 20:20:24,244 - INFO - ²éÕÒTranscriptÁ´½Ó: https://lexfridman.com/ezra-klein-and-derek-thompson/?utm_source=rss&utm_medium=rss&utm_campaign=ezra-klein-and-derek-thompson
2025-04-09 20:20:28,303 - WARNING - ÔİÎ´ÕÒµ½Õâ¼¯²¥¿ÍµÄÖğ×Ö¸å: https://lexfridman.com/ezra-klein-and-derek-thompson/?utm_source=rss&utm_medium=rss&utm_campaign=ezra-klein-and-derek-thompson
2025-04-09 20:20:28,309 - INFO - ²éÕÒTranscriptÁ´½Ó: https://lexfridman.com/theprimeagen/?utm_source=rss&utm_medium=rss&utm_campaign=theprimeagen
2025-04-09 20:20:32,106 - WARNING - ÔİÎ´ÕÒµ½Õâ¼¯²¥¿ÍµÄÖğ×Ö¸å: https://lexfridman.com/theprimeagen/?utm_source=rss&utm_medium=rss&utm_campaign=theprimeagen
2025-04-09 20:20:32,111 - INFO - ²éÕÒTranscriptÁ´½Ó: https://lexfridman.com/narendra-modi/?utm_source=rss&utm_medium=rss&utm_campaign=narendra-modi
2025-04-09 20:20:36,029 - WARNING - ÔİÎ´ÕÒµ½Õâ¼¯²¥¿ÍµÄÖğ×Ö¸å: https://lexfridman.com/narendra-modi/?utm_source=rss&utm_medium=rss&utm_campaign=narendra-modi
2025-04-09 20:22:44,628 - INFO - ¿ªÊ¼½âÎöRSSÔ´: https://lexfridman.com/feed/podcast/
2025-04-09 20:22:47,402 - INFO - ³É¹¦½âÎöRSSÔ´£¬»ñÈ¡µ½5¸öÌõÄ¿
2025-04-09 20:22:47,407 - INFO - ²éÕÒTranscriptÁ´½Ó: https://lexfridman.com/dave-smith/?utm_source=rss&utm_medium=rss&utm_campaign=dave-smith
2025-04-09 20:22:51,190 - WARNING - ÔİÎ´ÕÒµ½Õâ¼¯²¥¿ÍµÄÖğ×Ö¸å: https://lexfridman.com/dave-smith/?utm_source=rss&utm_medium=rss&utm_campaign=dave-smith
2025-04-09 20:22:51,195 - INFO - ²éÕÒTranscriptÁ´½Ó: https://lexfridman.com/douglas-murray-2/?utm_source=rss&utm_medium=rss&utm_campaign=douglas-murray-2
2025-04-09 20:22:54,958 - WARNING - ÔİÎ´ÕÒµ½Õâ¼¯²¥¿ÍµÄÖğ×Ö¸å: https://lexfridman.com/douglas-murray-2/?utm_source=rss&utm_medium=rss&utm_campaign=douglas-murray-2
2025-04-09 20:22:54,964 - INFO - ²éÕÒTranscriptÁ´½Ó: https://lexfridman.com/ezra-klein-and-derek-thompson/?utm_source=rss&utm_medium=rss&utm_campaign=ezra-klein-and-derek-thompson
2025-04-09 20:22:58,703 - WARNING - ÔİÎ´ÕÒµ½Õâ¼¯²¥¿ÍµÄÖğ×Ö¸å: https://lexfridman.com/ezra-klein-and-derek-thompson/?utm_source=rss&utm_medium=rss&utm_campaign=ezra-klein-and-derek-thompson
2025-04-09 20:22:58,708 - INFO - ²éÕÒTranscriptÁ´½Ó: https://lexfridman.com/theprimeagen/?utm_source=rss&utm_medium=rss&utm_campaign=theprimeagen
2025-04-09 20:23:02,500 - WARNING - ÔİÎ´ÕÒµ½Õâ¼¯²¥¿ÍµÄÖğ×Ö¸å: https://lexfridman.com/theprimeagen/?utm_source=rss&utm_medium=rss&utm_campaign=theprimeagen
2025-04-09 20:23:02,505 - INFO - ²éÕÒTranscriptÁ´½Ó: https://lexfridman.com/narendra-modi/?utm_source=rss&utm_medium=rss&utm_campaign=narendra-modi
2025-04-09 20:23:07,230 - WARNING - ÔİÎ´ÕÒµ½Õâ¼¯²¥¿ÍµÄÖğ×Ö¸å: https://lexfridman.com/narendra-modi/?utm_source=rss&utm_medium=rss&utm_campaign=narendra-modi
2025-04-09 20:24:26,017 - INFO - ¿ªÊ¼½âÎöRSSÔ´: https://lexfridman.com/feed/podcast/
2025-04-09 20:24:28,848 - INFO - ³É¹¦½âÎöRSSÔ´£¬»ñÈ¡µ½5¸öÌõÄ¿
2025-04-09 20:24:28,854 - INFO - ²éÕÒTranscriptÁ´½Ó: https://lexfridman.com/dave-smith/?utm_source=rss&utm_medium=rss&utm_campaign=dave-smith
2025-04-09 20:24:32,581 - WARNING - ÔİÎ´ÕÒµ½Õâ¼¯²¥¿ÍµÄÖğ×Ö¸å: https://lexfridman.com/dave-smith/?utm_source=rss&utm_medium=rss&utm_campaign=dave-smith
2025-04-09 20:24:32,587 - INFO - ²éÕÒTranscriptÁ´½Ó: https://lexfridman.com/douglas-murray-2/?utm_source=rss&utm_medium=rss&utm_campaign=douglas-murray-2
2025-04-09 20:24:36,364 - WARNING - ÔİÎ´ÕÒµ½Õâ¼¯²¥¿ÍµÄÖğ×Ö¸å: https://lexfridman.com/douglas-murray-2/?utm_source=rss&utm_medium=rss&utm_campaign=douglas-murray-2
2025-04-09 20:24:36,370 - INFO - ²éÕÒTranscriptÁ´½Ó: https://lexfridman.com/ezra-klein-and-derek-thompson/?utm_source=rss&utm_medium=rss&utm_campaign=ezra-klein-and-derek-thompson
2025-04-09 20:24:40,103 - WARNING - ÔİÎ´ÕÒµ½Õâ¼¯²¥¿ÍµÄÖğ×Ö¸å: https://lexfridman.com/ezra-klein-and-derek-thompson/?utm_source=rss&utm_medium=rss&utm_campaign=ezra-klein-and-derek-thompson
2025-04-09 20:24:40,109 - INFO - ²éÕÒTranscriptÁ´½Ó: https://lexfridman.com/theprimeagen/?utm_source=rss&utm_medium=rss&utm_campaign=theprimeagen
2025-04-09 20:24:43,982 - WARNING - ÔİÎ´ÕÒµ½Õâ¼¯²¥¿ÍµÄÖğ×Ö¸å: https://lexfridman.com/theprimeagen/?utm_source=rss&utm_medium=rss&utm_campaign=theprimeagen
2025-04-09 20:24:43,988 - INFO - ²éÕÒTranscriptÁ´½Ó: https://lexfridman.com/narendra-modi/?utm_source=rss&utm_medium=rss&utm_campaign=narendra-modi
2025-04-09 20:24:47,739 - WARNING - ÔİÎ´ÕÒµ½Õâ¼¯²¥¿ÍµÄÖğ×Ö¸å: https://lexfridman.com/narendra-modi/?utm_source=rss&utm_medium=rss&utm_campaign=narendra-modi
2025-04-09 20:25:41,889 - INFO - ¿ªÊ¼½âÎöRSSÔ´: https://lexfridman.com/feed/podcast/
2025-04-09 20:25:44,570 - INFO - ³É¹¦½âÎöRSSÔ´£¬»ñÈ¡µ½5¸öÌõÄ¿
2025-04-09 20:25:44,576 - INFO - ²éÕÒTranscriptÁ´½Ó: https://lexfridman.com/dave-smith/?utm_source=rss&utm_medium=rss&utm_campaign=dave-smith
2025-04-09 20:25:47,319 - WARNING - Î´ÄÜÔÚ²¥¿ÍÃèÊöÖĞÕÒµ½TranscriptÁ´½Ó: https://lexfridman.com/dave-smith/?utm_source=rss&utm_medium=rss&utm_campaign=dave-smith
2025-04-09 20:25:47,325 - INFO - ²éÕÒTranscriptÁ´½Ó: https://lexfridman.com/douglas-murray-2/?utm_source=rss&utm_medium=rss&utm_campaign=douglas-murray-2
2025-04-09 20:25:50,089 - WARNING - Î´ÄÜÔÚ²¥¿ÍÃèÊöÖĞÕÒµ½TranscriptÁ´½Ó: https://lexfridman.com/douglas-murray-2/?utm_source=rss&utm_medium=rss&utm_campaign=douglas-murray-2
2025-04-09 20:25:50,094 - INFO - ²éÕÒTranscriptÁ´½Ó: https://lexfridman.com/ezra-klein-and-derek-thompson/?utm_source=rss&utm_medium=rss&utm_campaign=ezra-klein-and-derek-thompson
2025-04-09 20:25:52,900 - WARNING - Î´ÄÜÔÚ²¥¿ÍÃèÊöÖĞÕÒµ½TranscriptÁ´½Ó: https://lexfridman.com/ezra-klein-and-derek-thompson/?utm_source=rss&utm_medium=rss&utm_campaign=ezra-klein-and-derek-thompson
2025-04-09 20:25:52,906 - INFO - ²éÕÒTranscriptÁ´½Ó: https://lexfridman.com/theprimeagen/?utm_source=rss&utm_medium=rss&utm_campaign=theprimeagen
2025-04-09 20:25:55,668 - WARNING - Î´ÄÜÔÚ²¥¿ÍÃèÊöÖĞÕÒµ½TranscriptÁ´½Ó: https://lexfridman.com/theprimeagen/?utm_source=rss&utm_medium=rss&utm_campaign=theprimeagen
2025-04-09 20:25:55,672 - INFO - ²éÕÒTranscriptÁ´½Ó: https://lexfridman.com/narendra-modi/?utm_source=rss&utm_medium=rss&utm_campaign=narendra-modi
2025-04-09 20:25:58,605 - WARNING - Î´ÄÜÔÚ²¥¿ÍÃèÊöÖĞÕÒµ½TranscriptÁ´½Ó: https://lexfridman.com/narendra-modi/?utm_source=rss&utm_medium=rss&utm_campaign=narendra-modi
2025-04-09 20:28:37,017 - INFO - ¿ªÊ¼½âÎöRSSÔ´: https://lexfridman.com/feed/podcast/
2025-04-09 20:28:39,770 - INFO - ³É¹¦½âÎöRSSÔ´£¬»ñÈ¡µ½5¸öÌõÄ¿
2025-04-09 20:28:39,775 - INFO - ²éÕÒTranscriptÁ´½Ó: https://lexfridman.com/dave-smith/?utm_source=rss&utm_medium=rss&utm_campaign=dave-smith
2025-04-09 20:28:42,567 - WARNING - Î´ÄÜÔÚ²¥¿ÍÃèÊöÖĞÕÒµ½TranscriptÁ´½Ó: https://lexfridman.com/dave-smith/?utm_source=rss&utm_medium=rss&utm_campaign=dave-smith
2025-04-09 20:28:42,572 - INFO - ²éÕÒTranscriptÁ´½Ó: https://lexfridman.com/douglas-murray-2/?utm_source=rss&utm_medium=rss&utm_campaign=douglas-murray-2
2025-04-09 20:28:45,413 - INFO - ²éÕÒTranscriptÁ´½Ó: https://lexfridman.com/ezra-klein-and-derek-thompson/?utm_source=rss&utm_medium=rss&utm_campaign=ezra-klein-and-derek-thompson
2025-04-09 20:28:48,240 - INFO - ²éÕÒTranscriptÁ´½Ó: https://lexfridman.com/theprimeagen/?utm_source=rss&utm_medium=rss&utm_campaign=theprimeagen
2025-04-09 20:28:51,051 - WARNING - Î´ÄÜÔÚ²¥¿ÍÃèÊöÖĞÕÒµ½TranscriptÁ´½Ó: https://lexfridman.com/theprimeagen/?utm_source=rss&utm_medium=rss&utm_campaign=theprimeagen
2025-04-09 20:28:51,056 - INFO - ²éÕÒTranscriptÁ´½Ó: https://lexfridman.com/narendra-modi/?utm_source=rss&utm_medium=rss&utm_campaign=narendra-modi
